/home/lucina/Desktop/madrona/madrona_escape_room/src/level_gen.cpp(384): warning #177-D: function "madEscape::makeBasketballHoop" was declared but never referenced
  static Entity makeBasketballHoop(Engine &ctx,
                ^

Remark: The warnings can be suppressed with "-diag-suppress <warning-number>"

/home/lucina/Desktop/madrona/madrona_escape_room/src/level_gen.cpp(413): warning #177-D: function "madEscape::makeBasketball" was declared but never referenced
  static Entity makeBasketball(Engine &ctx,
                ^



Compiling GPU engine code:
Initialization finished
/home/lucina/Desktop/madrona/madrona_escape_room/train_src/madrona_escape_room_learn/amp.py:21: FutureWarning: `torch.cuda.amp.GradScaler(args...)` is deprecated. Please use `torch.amp.GradScaler('cuda', args...)` instead.
  self.scaler = torch.cuda.amp.GradScaler()
TrainConfig:
  num_updates: 3500
  steps_per_update: 40
  num_bptt_chunks: 8
  lr: 0.0001
  gamma: 0.998
  ppo:
    num_mini_batches: 1
    clip_coef: 0.2
    value_loss_coef: 0.5
    entropy_coef: 0.01
    max_grad_norm: 0.5
    num_epochs: 2
    clip_value_loss: False
    adaptive_entropy: True
  gae_lambda: 0.95
  normalize_advantages: True
  normalize_values: True
  value_normalizer_decay: 0.999
  mixed_precision: True

Update: 1
    Loss:  3.676e-01, A:  9.657e-05, V:  7.639e-01, E: -1.442e+00

    Rewards          => Avg: -5.347e-05, Min: -5.001e-03, Max:  7.166e-02
    Values           => Avg:  0.000e+00, Min:  0.000e+00, Max:  0.000e+00
    Advantages       => Avg: -9.720e-03, Min: -8.514e-02, Max:  3.179e-01
    Bootstrap Values => Avg:  0.000e+00, Min:  0.000e+00, Max:  0.000e+00
    Returns          => Avg: -9.715557098388672e-06, σ: 1.0
    Value Normalizer => Mean: -9.721e-03, σ: 4.571e-02

    FPS: 368007, Update Time: 0.89, Avg FPS: 368007
    PyTorch Memory Usage: 8.172GB (Reserved), 6.629GB (Current)
    Update Iter Timing   => CPU: 0.890
      Collect Rollouts   => CPU: 0.644
        Cache RNN state  => CPU: 0.000
        Policy Infer     => CPU: 0.255, GPU: 0.257
        Simulator Step   => CPU: 0.386
        Post Step Copy   => CPU: 0.001
        Bootstrap Values => CPU: 0.001
      Compute Advantages => CPU: 0.005
      PPO                => CPU: 0.240
        Gather Minibatch => CPU: 0.016, GPU: 0.015
        AC Forward       => CPU: 0.030, GPU: 0.055
        Optimize         => CPU: 0.141

Update: 10
    Loss:  3.612e-01, A: -4.129e-05, V:  7.513e-01, E: -1.437e+00

    Rewards          => Avg: -3.891e-03, Min: -5.001e-03, Max:  6.247e-02
    Values           => Avg: -2.727e-01, Min: -3.479e-01, Max: -1.738e-01
    Advantages       => Avg:  7.776e-02, Min: -1.255e-01, Max:  4.165e-01
    Bootstrap Values => Avg: -2.891e-01, Min: -3.259e-01, Max: -2.434e-01
    Returns          => Avg: -0.590576171875, σ: 0.89599609375
    Value Normalizer => Mean: -1.377e-01, σ: 9.969e-02

    FPS: 581287, Update Time: 0.56, Avg FPS: 553133
    PyTorch Memory Usage: 8.174GB (Reserved), 6.630GB (Current)
    Update Iter Timing   => CPU: 0.603
      Collect Rollouts   => CPU: 0.437
        Cache RNN state  => CPU: 0.000
        Policy Infer     => CPU: 0.082, GPU: 0.080
        Simulator Step   => CPU: 0.351
        Post Step Copy   => CPU: 0.001
        Bootstrap Values => CPU: 0.001
      Compute Advantages => CPU: 0.002
      PPO                => CPU: 0.165
        Gather Minibatch => CPU: 0.008, GPU: 0.008
        AC Forward       => CPU: 0.009, GPU: 0.055
        Optimize         => CPU: 0.096

Update: 20
    Loss:  4.882e-01, A:  3.035e-05, V:  1.005e+00, E: -1.421e+00

    Rewards          => Avg: -3.891e-03, Min: -5.001e-03, Max:  6.305e-02
    Values           => Avg: -4.343e-01, Min: -5.337e-01, Max: -3.284e-01
    Advantages       => Avg:  1.508e-01, Min: -9.943e-02, Max:  5.391e-01
    Bootstrap Values => Avg: -4.463e-01, Min: -5.029e-01, Max: -3.821e-01
    Returns          => Avg: -0.3065185546875, σ: 0.90869140625
    Value Normalizer => Mean: -2.413e-01, σ: 1.402e-01

    FPS: 574090, Update Time: 0.57, Avg FPS: 557010
    PyTorch Memory Usage: 8.174GB (Reserved), 6.630GB (Current)
    Update Iter Timing   => CPU: 0.594
      Collect Rollouts   => CPU: 0.432
        Cache RNN state  => CPU: 0.000
        Policy Infer     => CPU: 0.072, GPU: 0.070
        Simulator Step   => CPU: 0.355
        Post Step Copy   => CPU: 0.001
        Bootstrap Values => CPU: 0.001
      Compute Advantages => CPU: 0.002
      PPO                => CPU: 0.160
        Gather Minibatch => CPU: 0.007, GPU: 0.007
        AC Forward       => CPU: 0.007, GPU: 0.055
        Optimize         => CPU: 0.093

Update: 30
    Loss:  5.532e-01, A: -6.508e-05, V:  1.134e+00, E: -1.395e+00

    Rewards          => Avg: -3.853e-03, Min: -5.001e-03, Max:  8.032e-02
    Values           => Avg: -5.493e-01, Min: -6.875e-01, Max: -4.355e-01
    Advantages       => Avg:  2.015e-01, Min: -8.337e-02, Max:  6.694e-01
    Bootstrap Values => Avg: -5.396e-01, Min: -5.952e-01, Max: -4.612e-01
    Returns          => Avg: -0.1746826171875, σ: 0.91943359375
    Value Normalizer => Mean: -3.181e-01, σ: 1.696e-01

    FPS: 678950, Update Time: 0.48, Avg FPS: 564124
    PyTorch Memory Usage: 8.174GB (Reserved), 6.630GB (Current)
    Update Iter Timing   => CPU: 0.586
      Collect Rollouts   => CPU: 0.427
        Cache RNN state  => CPU: 0.000
        Policy Infer     => CPU: 0.068, GPU: 0.067
        Simulator Step   => CPU: 0.354
        Post Step Copy   => CPU: 0.001
        Bootstrap Values => CPU: 0.001
      Compute Advantages => CPU: 0.002
      PPO                => CPU: 0.157
        Gather Minibatch => CPU: 0.007, GPU: 0.007
        AC Forward       => CPU: 0.006, GPU: 0.055
        Optimize         => CPU: 0.091

Update: 40
    Loss:  6.337e-01, A:  4.456e-04, V:  1.294e+00, E: -1.365e+00

    Rewards          => Avg: -3.922e-03, Min: -5.001e-03, Max:  6.720e-02
    Values           => Avg: -6.567e-01, Min: -8.057e-01, Max: -5.049e-01
    Advantages       => Avg:  2.510e-01, Min: -7.922e-02, Max:  7.759e-01
    Bootstrap Values => Avg: -6.104e-01, Min: -6.812e-01, Max: -5.303e-01
    Returns          => Avg: -0.13482666015625, σ: 0.94140625
    Value Normalizer => Mean: -3.800e-01, σ: 1.926e-01

    FPS: 661879, Update Time: 0.50, Avg FPS: 583614
    PyTorch Memory Usage: 8.174GB (Reserved), 6.630GB (Current)
    Update Iter Timing   => CPU: 0.567
      Collect Rollouts   => CPU: 0.414
        Cache RNN state  => CPU: 0.000
        Policy Infer     => CPU: 0.063, GPU: 0.062
        Simulator Step   => CPU: 0.347
        Post Step Copy   => CPU: 0.001
        Bootstrap Values => CPU: 0.001
      Compute Advantages => CPU: 0.002
      PPO                => CPU: 0.151
        Gather Minibatch => CPU: 0.007, GPU: 0.007
        AC Forward       => CPU: 0.006, GPU: 0.053
        Optimize         => CPU: 0.088

Update: 50
    Loss:  6.590e-01, A:  6.144e-04, V:  1.344e+00, E: -1.342e+00

    Rewards          => Avg: -3.881e-03, Min: -5.001e-03, Max:  7.019e-02
    Values           => Avg: -7.261e-01, Min: -8.770e-01, Max: -5.415e-01
    Advantages       => Avg:  2.820e-01, Min: -8.472e-02, Max:  8.599e-01
    Bootstrap Values => Avg: -6.353e-01, Min: -7.261e-01, Max: -5.679e-01
    Returns          => Avg: -0.0599822998046875, σ: 0.948974609375
    Value Normalizer => Mean: -4.316e-01, σ: 2.105e-01

    FPS: 639648, Update Time: 0.51, Avg FPS: 596895
    PyTorch Memory Usage: 8.174GB (Reserved), 6.630GB (Current)
    Update Iter Timing   => CPU: 0.554
      Collect Rollouts   => CPU: 0.405
        Cache RNN state  => CPU: 0.000
        Policy Infer     => CPU: 0.060, GPU: 0.059
        Simulator Step   => CPU: 0.342
        Post Step Copy   => CPU: 0.001
        Bootstrap Values => CPU: 0.001
      Compute Advantages => CPU: 0.002
      PPO                => CPU: 0.147
        Gather Minibatch => CPU: 0.006, GPU: 0.006
        AC Forward       => CPU: 0.005, GPU: 0.052
        Optimize         => CPU: 0.086

Update: 60
    Loss:  6.831e-01, A:  8.329e-05, V:  1.393e+00, E: -1.329e+00

    Rewards          => Avg: -3.769e-03, Min: -5.001e-03, Max:  6.616e-02
    Values           => Avg: -7.837e-01, Min: -9.761e-01, Max: -5.103e-01
    Advantages       => Avg:  3.079e-01, Min: -1.209e-01, Max:  9.409e-01
    Bootstrap Values => Avg: -6.455e-01, Min: -7.690e-01, Max: -5.513e-01
    Returns          => Avg: -0.002429962158203125, σ: 0.96337890625
    Value Normalizer => Mean: -4.752e-01, σ: 2.245e-01

    FPS: 652032, Update Time: 0.50, Avg FPS: 606040
    PyTorch Memory Usage: 8.174GB (Reserved), 6.630GB (Current)
    Update Iter Timing   => CPU: 0.546
      Collect Rollouts   => CPU: 0.399
        Cache RNN state  => CPU: 0.000
        Policy Infer     => CPU: 0.057, GPU: 0.057
        Simulator Step   => CPU: 0.339
        Post Step Copy   => CPU: 0.001
        Bootstrap Values => CPU: 0.001
      Compute Advantages => CPU: 0.002
      PPO                => CPU: 0.145
        Gather Minibatch => CPU: 0.006, GPU: 0.006
